1	[Sun Dec 04 04:51:08 2005] [notice] jk2_init() Found child 6725 in scoreboard slot 10

2	[Sun Dec 04 04:51:09 2005] [notice] jk2_init() Found child 6726 in scoreboard slot 8

3	[Sun Dec 04 04:51:09 2005] [notice] jk2_init() Found child 6728 in scoreboard slot 6

4	[Sun Dec 04 04:51:14 2005] [notice] workerEnv.init() ok /etc/httpd/conf/workers2.properties

5	[Sun Dec 04 04:51:14 2005] [notice] workerEnv.init() ok /etc/httpd/conf/workers2.properties

6	[Sun Dec 04 04:51:14 2005] [notice] workerEnv.init() ok /etc/httpd/conf/workers2.properties

10	[Sun Dec 04 04:51:37 2005] [notice] jk2_init() Found child 6736 in scoreboard slot 10

11	[Sun Dec 04 04:51:38 2005] [notice] jk2_init() Found child 6733 in scoreboard slot 7

12	[Sun Dec 04 04:51:38 2005] [notice] jk2_init() Found child 6734 in scoreboard slot 9

13	[Sun Dec 04 04:51:52 2005] [notice] workerEnv.init() ok /etc/httpd/conf/workers2.properties

14	[Sun Dec 04 04:51:52 2005] [notice] workerEnv.init() ok /etc/httpd/conf/workers2.properties

16	[Sun Dec 04 04:52:04 2005] [notice] jk2_init() Found child 6738 in scoreboard slot 6

17	[Sun Dec 04 04:52:04 2005] [notice] jk2_init() Found child 6741 in scoreboard slot 9

18	[Sun Dec 04 04:52:05 2005] [notice] jk2_init() Found child 6740 in scoreboard slot 7

19	[Sun Dec 04 04:52:05 2005] [notice] jk2_init() Found child 6737 in scoreboard slot 8

20	[Sun Dec 04 04:52:12 2005] [notice] workerEnv.init() ok /etc/httpd/conf/workers2.properties

21	[Sun Dec 04 04:52:12 2005] [notice] workerEnv.init() ok /etc/httpd/conf/workers2.properties

22	[Sun Dec 04 04:52:12 2005] [notice] workerEnv.init() ok /etc/httpd/conf/workers2.properties

26	[Sun Dec 04 04:52:36 2005] [notice] jk2_init() Found child 6748 in scoreboard slot 6

27	[Sun Dec 04 04:52:36 2005] [notice] jk2_init() Found child 6744 in scoreboard slot 10

28	[Sun Dec 04 04:52:36 2005] [notice] jk2_init() Found child 6745 in scoreboard slot 8

29	[Sun Dec 04 04:52:49 2005] [notice] workerEnv.init() ok /etc/httpd/conf/workers2.properties

30	[Sun Dec 04 04:52:49 2005] [notice] workerEnv.init() ok /etc/httpd/conf/workers2.properties

33	[Sun Dec 04 04:53:05 2005] [notice] jk2_init() Found child 6750 in scoreboard slot 7

34	[Sun Dec 04 04:53:05 2005] [notice] jk2_init() Found child 6751 in scoreboard slot 9

35	[Sun Dec 04 04:53:05 2005] [notice] jk2_init() Found child 6752 in scoreboard slot 10

36	[Sun Dec 04 04:53:15 2005] [notice] workerEnv.init() ok /etc/httpd/conf/workers2.properties

37	[Sun Dec 04 04:53:15 2005] [notice] workerEnv.init() ok /etc/httpd/conf/workers2.properties

40	[Sun Dec 04 04:53:29 2005] [notice] jk2_init() Found child 6754 in scoreboard slot 8

41	[Sun Dec 04 04:53:29 2005] [notice] jk2_init() Found child 6755 in scoreboard slot 6

42	[Sun Dec 04 04:53:40 2005] [notice] jk2_init() Found child 6756 in scoreboard slot 7

43	[Sun Dec 04 04:53:51 2005] [notice] workerEnv.init() ok /etc/httpd/conf/workers2.properties

45	[Sun Dec 04 04:54:15 2005] [notice] jk2_init() Found child 6763 in scoreboard slot 10

46	[Sun Dec 04 04:54:15 2005] [notice] jk2_init() Found child 6766 in scoreboard slot 6

47	[Sun Dec 04 04:54:15 2005] [notice] jk2_init() Found child 6767 in scoreboard slot 7

48	[Sun Dec 04 04:54:15 2005] [notice] jk2_init() Found child 6765 in scoreboard slot 8

49	[Sun Dec 04 04:54:18 2005] [notice] workerEnv.init() ok /etc/httpd/conf/workers2.properties

50	[Sun Dec 04 04:54:18 2005] [notice] workerEnv.init() ok /etc/httpd/conf/workers2.properties

51	[Sun Dec 04 04:54:18 2005] [notice] workerEnv.init() ok /etc/httpd/conf/workers2.properties

52	[Sun Dec 04 04:54:18 2005] [notice] workerEnv.init() ok /etc/httpd/conf/workers2.properties

57	[Sun Dec 04 04:54:20 2005] [notice] jk2_init() Found child 6768 in scoreboard slot 9

58	[Sun Dec 04 04:54:20 2005] [notice] workerEnv.init() ok /etc/httpd/conf/workers2.properties

60	[Sun Dec 04 04:56:52 2005] [notice] jk2_init() Found child 8527 in scoreboard slot 10

61	[Sun Dec 04 04:56:52 2005] [notice] jk2_init() Found child 8533 in scoreboard slot 8

62	[Sun Dec 04 04:56:57 2005] [notice] workerEnv.init() ok /etc/httpd/conf/workers2.properties

63	[Sun Dec 04 04:56:57 2005] [notice] workerEnv.init() ok /etc/httpd/conf/workers2.properties

66	[Sun Dec 04 04:57:20 2005] [notice] jk2_init() Found child 8536 in scoreboard slot 6

67	[Sun Dec 04 04:57:20 2005] [notice] jk2_init() Found child 8539 in scoreboard slot 7

68	[Sun Dec 04 04:57:24 2005] [notice] workerEnv.init() ok /etc/httpd/conf/workers2.properties

69	[Sun Dec 04 04:57:24 2005] [notice] workerEnv.init() ok /etc/httpd/conf/workers2.properties

72	[Sun Dec 04 04:57:49 2005] [notice] jk2_init() Found child 8541 in scoreboard slot 9

73	[Sun Dec 04 04:58:11 2005] [notice] workerEnv.init() ok /etc/httpd/conf/workers2.properties

75	[Sun Dec 04 04:58:45 2005] [notice] jk2_init() Found child 8547 in scoreboard slot 10

76	[Sun Dec 04 04:58:57 2005] [notice] workerEnv.init() ok /etc/httpd/conf/workers2.properties

78	[Sun Dec 04 04:59:28 2005] [notice] jk2_init() Found child 8554 in scoreboard slot 6

79	[Sun Dec 04 04:59:27 2005] [notice] jk2_init() Found child 8553 in scoreboard slot 8

80	[Sun Dec 04 04:59:35 2005] [notice] workerEnv.init() ok /etc/httpd/conf/workers2.properties

81	[Sun Dec 04 04:59:35 2005] [notice] workerEnv.init() ok /etc/httpd/conf/workers2.properties

84	[Sun Dec 04 05:00:03 2005] [notice] jk2_init() Found child 8560 in scoreboard slot 7

85	[Sun Dec 04 05:00:09 2005] [notice] workerEnv.init() ok /etc/httpd/conf/workers2.properties

87	[Sun Dec 04 05:00:13 2005] [notice] jk2_init() Found child 8565 in scoreboard slot 9

88	[Sun Dec 04 05:00:13 2005] [notice] jk2_init() Found child 8573 in scoreboard slot 10

89	[Sun Dec 04 05:00:15 2005] [notice] workerEnv.init() ok /etc/httpd/conf/workers2.properties

91	[Sun Dec 04 05:00:15 2005] [notice] workerEnv.init() ok /etc/httpd/conf/workers2.properties

93	[Sun Dec 04 05:01:20 2005] [notice] jk2_init() Found child 8584 in scoreboard slot 7

94	[Sun Dec 04 05:01:20 2005] [notice] jk2_init() Found child 8587 in scoreboard slot 9

95	[Sun Dec 04 05:02:14 2005] [notice] jk2_init() Found child 8603 in scoreboard slot 10

96	[Sun Dec 04 05:02:14 2005] [notice] jk2_init() Found child 8605 in scoreboard slot 8

97	[Sun Dec 04 05:04:03 2005] [notice] jk2_init() Found child 8764 in scoreboard slot 10

98	[Sun Dec 04 05:04:03 2005] [notice] jk2_init() Found child 8765 in scoreboard slot 11

99	[Sun Dec 04 05:04:03 2005] [notice] jk2_init() Found child 8763 in scoreboard slot 9

100	[Sun Dec 04 05:04:03 2005] [notice] jk2_init() Found child 8744 in scoreboard slot 8

101	[Sun Dec 04 05:04:03 2005] [notice] jk2_init() Found child 8743 in scoreboard slot 7

102	[Sun Dec 04 05:04:03 2005] [notice] jk2_init() Found child 8738 in scoreboard slot 6

103	[Sun Dec 04 05:04:03 2005] [notice] jk2_init() Found child 8766 in scoreboard slot 12

104	[Sun Dec 04 05:04:04 2005] [notice] workerEnv.init() ok /etc/httpd/conf/workers2.properties

106	[Sun Dec 04 05:04:04 2005] [notice] workerEnv.init() ok /etc/httpd/conf/workers2.properties

108	[Sun Dec 04 05:04:04 2005] [notice] workerEnv.init() ok /etc/httpd/conf/workers2.properties

110	[Sun Dec 04 05:04:04 2005] [notice] workerEnv.init() ok /etc/httpd/conf/workers2.properties

112	[Sun Dec 04 05:04:04 2005] [notice] workerEnv.init() ok /etc/httpd/conf/workers2.properties

114	[Sun Dec 04 05:04:04 2005] [notice] workerEnv.init() ok /etc/httpd/conf/workers2.properties

116	[Sun Dec 04 05:04:04 2005] [notice] workerEnv.init() ok /etc/httpd/conf/workers2.properties

118	[Sun Dec 04 05:11:51 2005] [notice] jk2_init() Found child 25792 in scoreboard slot 6

119	[Sun Dec 04 05:12:07 2005] [notice] workerEnv.init() ok /etc/httpd/conf/workers2.properties

121	[Sun Dec 04 05:12:26 2005] [notice] jk2_init() Found child 25798 in scoreboard slot 7

122	[Sun Dec 04 05:12:26 2005] [notice] jk2_init() Found child 25803 in scoreboard slot 8

123	[Sun Dec 04 05:12:28 2005] [notice] workerEnv.init() ok /etc/httpd/conf/workers2.properties

125	[Sun Dec 04 05:12:28 2005] [notice] workerEnv.init() ok /etc/httpd/conf/workers2.properties

127	[Sun Dec 04 05:12:30 2005] [notice] jk2_init() Found child 25805 in scoreboard slot 9

128	[Sun Dec 04 05:12:30 2005] [notice] workerEnv.init() ok /etc/httpd/conf/workers2.properties

131	[Sun Dec 04 05:15:13 2005] [notice] jk2_init() Found child 1000 in scoreboard slot 10

132	[Sun Dec 04 05:15:16 2005] [notice] workerEnv.init() ok /etc/httpd/conf/workers2.properties

134	[Sun Dec 04 06:01:00 2005] [notice] jk2_init() Found child 32347 in scoreboard slot 6

135	[Sun Dec 04 06:01:00 2005] [notice] jk2_init() Found child 32348 in scoreboard slot 7

136	[Sun Dec 04 06:01:21 2005] [notice] workerEnv.init() ok /etc/httpd/conf/workers2.properties

137	[Sun Dec 04 06:01:21 2005] [notice] workerEnv.init() ok /etc/httpd/conf/workers2.properties

139	[Sun Dec 04 06:01:42 2005] [notice] jk2_init() Found child 32352 in scoreboard slot 9

140	[Sun Dec 04 06:01:42 2005] [notice] jk2_init() Found child 32353 in scoreboard slot 10

141	[Sun Dec 04 06:01:42 2005] [notice] jk2_init() Found child 32354 in scoreboard slot 6

142	[Sun Dec 04 06:02:01 2005] [notice] workerEnv.init() ok /etc/httpd/conf/workers2.properties

144	[Sun Dec 04 06:02:05 2005] [notice] jk2_init() Found child 32359 in scoreboard slot 9

145	[Sun Dec 04 06:02:05 2005] [notice] jk2_init() Found child 32360 in scoreboard slot 11

146	[Sun Dec 04 06:02:05 2005] [notice] jk2_init() Found child 32358 in scoreboard slot 8

147	[Sun Dec 04 06:02:05 2005] [notice] jk2_init() Found child 32355 in scoreboard slot 7

148	[Sun Dec 04 06:02:07 2005] [notice] workerEnv.init() ok /etc/httpd/conf/workers2.properties

150	[Sun Dec 04 06:02:07 2005] [notice] workerEnv.init() ok /etc/httpd/conf/workers2.properties

152	[Sun Dec 04 06:02:07 2005] [notice] workerEnv.init() ok /etc/httpd/conf/workers2.properties

154	[Sun Dec 04 06:02:07 2005] [notice] workerEnv.init() ok /etc/httpd/conf/workers2.properties

156	[Sun Dec 04 06:06:00 2005] [notice] jk2_init() Found child 32388 in scoreboard slot 8

157	[Sun Dec 04 06:06:00 2005] [notice] jk2_init() Found child 32387 in scoreboard slot 7

158	[Sun Dec 04 06:06:00 2005] [notice] jk2_init() Found child 32386 in scoreboard slot 6

159	[Sun Dec 04 06:06:10 2005] [notice] workerEnv.init() ok /etc/httpd/conf/workers2.properties

160	[Sun Dec 04 06:06:11 2005] [notice] workerEnv.init() ok /etc/httpd/conf/workers2.properties

163	[Sun Dec 04 06:06:20 2005] [notice] jk2_init() Found child 32389 in scoreboard slot 9

164	[Sun Dec 04 06:06:24 2005] [notice] jk2_init() Found child 32391 in scoreboard slot 10

165	[Sun Dec 04 06:06:24 2005] [notice] jk2_init() Found child 32390 in scoreboard slot 8

166	[Sun Dec 04 06:06:24 2005] [notice] jk2_init() Found child 32392 in scoreboard slot 6

167	[Sun Dec 04 06:06:26 2005] [notice] workerEnv.init() ok /etc/httpd/conf/workers2.properties

1	[Sun Dec 04 04:51:08 2005] [notice] jk2_init() Found child 6725 in scoreboard slot 10

2	[Sun Dec 04 04:51:09 2005] [notice] jk2_init() Found child 6726 in scoreboard slot 8

3	[Sun Dec 04 04:51:09 2005] [notice] jk2_init() Found child 6728 in scoreboard slot 6

4	[Sun Dec 04 04:51:14 2005] [notice] workerEnv.init() ok /etc/httpd/conf/workers2.properties

5	[Sun Dec 04 04:51:14 2005] [notice] workerEnv.init() ok /etc/httpd/conf/workers2.properties

6	[Sun Dec 04 04:51:14 2005] [notice] workerEnv.init() ok /etc/httpd/conf/workers2.properties

10	[Sun Dec 04 04:51:37 2005] [notice] jk2_init() Found child 6736 in scoreboard slot 10

11	[Sun Dec 04 04:51:38 2005] [notice] jk2_init() Found child 6733 in scoreboard slot 7

12	[Sun Dec 04 04:51:38 2005] [notice] jk2_init() Found child 6734 in scoreboard slot 9

13	[Sun Dec 04 04:51:52 2005] [notice] workerEnv.init() ok /etc/httpd/conf/workers2.properties

14	[Sun Dec 04 04:51:52 2005] [notice] workerEnv.init() ok /etc/httpd/conf/workers2.properties

16	[Sun Dec 04 04:52:04 2005] [notice] jk2_init() Found child 6738 in scoreboard slot 6

17	[Sun Dec 04 04:52:04 2005] [notice] jk2_init() Found child 6741 in scoreboard slot 9

18	[Sun Dec 04 04:52:05 2005] [notice] jk2_init() Found child 6740 in scoreboard slot 7

19	[Sun Dec 04 04:52:05 2005] [notice] jk2_init() Found child 6737 in scoreboard slot 8

20	[Sun Dec 04 04:52:12 2005] [notice] workerEnv.init() ok /etc/httpd/conf/workers2.properties

21	[Sun Dec 04 04:52:12 2005] [notice] workerEnv.init() ok /etc/httpd/conf/workers2.properties

22	[Sun Dec 04 04:52:12 2005] [notice] workerEnv.init() ok /etc/httpd/conf/workers2.properties

26	[Sun Dec 04 04:52:36 2005] [notice] jk2_init() Found child 6748 in scoreboard slot 6

27	[Sun Dec 04 04:52:36 2005] [notice] jk2_init() Found child 6744 in scoreboard slot 10

28	[Sun Dec 04 04:52:36 2005] [notice] jk2_init() Found child 6745 in scoreboard slot 8

29	[Sun Dec 04 04:52:49 2005] [notice] workerEnv.init() ok /etc/httpd/conf/workers2.properties

30	[Sun Dec 04 04:52:49 2005] [notice] workerEnv.init() ok /etc/httpd/conf/workers2.properties

33	[Sun Dec 04 04:53:05 2005] [notice] jk2_init() Found child 6750 in scoreboard slot 7

34	[Sun Dec 04 04:53:05 2005] [notice] jk2_init() Found child 6751 in scoreboard slot 9

35	[Sun Dec 04 04:53:05 2005] [notice] jk2_init() Found child 6752 in scoreboard slot 10

36	[Sun Dec 04 04:53:15 2005] [notice] workerEnv.init() ok /etc/httpd/conf/workers2.properties

37	[Sun Dec 04 04:53:15 2005] [notice] workerEnv.init() ok /etc/httpd/conf/workers2.properties

40	[Sun Dec 04 04:53:29 2005] [notice] jk2_init() Found child 6754 in scoreboard slot 8

41	[Sun Dec 04 04:53:29 2005] [notice] jk2_init() Found child 6755 in scoreboard slot 6

42	[Sun Dec 04 04:53:40 2005] [notice] jk2_init() Found child 6756 in scoreboard slot 7

43	[Sun Dec 04 04:53:51 2005] [notice] workerEnv.init() ok /etc/httpd/conf/workers2.properties

45	[Sun Dec 04 04:54:15 2005] [notice] jk2_init() Found child 6763 in scoreboard slot 10

46	[Sun Dec 04 04:54:15 2005] [notice] jk2_init() Found child 6766 in scoreboard slot 6

47	[Sun Dec 04 04:54:15 2005] [notice] jk2_init() Found child 6767 in scoreboard slot 7

48	[Sun Dec 04 04:54:15 2005] [notice] jk2_init() Found child 6765 in scoreboard slot 8

49	[Sun Dec 04 04:54:18 2005] [notice] workerEnv.init() ok /etc/httpd/conf/workers2.properties

50	[Sun Dec 04 04:54:18 2005] [notice] workerEnv.init() ok /etc/httpd/conf/workers2.properties

51	[Sun Dec 04 04:54:18 2005] [notice] workerEnv.init() ok /etc/httpd/conf/workers2.properties

52	[Sun Dec 04 04:54:18 2005] [notice] workerEnv.init() ok /etc/httpd/conf/workers2.properties

57	[Sun Dec 04 04:54:20 2005] [notice] jk2_init() Found child 6768 in scoreboard slot 9

58	[Sun Dec 04 04:54:20 2005] [notice] workerEnv.init() ok /etc/httpd/conf/workers2.properties

60	[Sun Dec 04 04:56:52 2005] [notice] jk2_init() Found child 8527 in scoreboard slot 10

61	[Sun Dec 04 04:56:52 2005] [notice] jk2_init() Found child 8533 in scoreboard slot 8

62	[Sun Dec 04 04:56:57 2005] [notice] workerEnv.init() ok /etc/httpd/conf/workers2.properties

63	[Sun Dec 04 04:56:57 2005] [notice] workerEnv.init() ok /etc/httpd/conf/workers2.properties

66	[Sun Dec 04 04:57:20 2005] [notice] jk2_init() Found child 8536 in scoreboard slot 6

67	[Sun Dec 04 04:57:20 2005] [notice] jk2_init() Found child 8539 in scoreboard slot 7

68	[Sun Dec 04 04:57:24 2005] [notice] workerEnv.init() ok /etc/httpd/conf/workers2.properties

69	[Sun Dec 04 04:57:24 2005] [notice] workerEnv.init() ok /etc/httpd/conf/workers2.properties

72	[Sun Dec 04 04:57:49 2005] [notice] jk2_init() Found child 8541 in scoreboard slot 9

73	[Sun Dec 04 04:58:11 2005] [notice] workerEnv.init() ok /etc/httpd/conf/workers2.properties

75	[Sun Dec 04 04:58:45 2005] [notice] jk2_init() Found child 8547 in scoreboard slot 10

76	[Sun Dec 04 04:58:57 2005] [notice] workerEnv.init() ok /etc/httpd/conf/workers2.properties

78	[Sun Dec 04 04:59:28 2005] [notice] jk2_init() Found child 8554 in scoreboard slot 6

79	[Sun Dec 04 04:59:27 2005] [notice] jk2_init() Found child 8553 in scoreboard slot 8

80	[Sun Dec 04 04:59:35 2005] [notice] workerEnv.init() ok /etc/httpd/conf/workers2.properties

81	[Sun Dec 04 04:59:35 2005] [notice] workerEnv.init() ok /etc/httpd/conf/workers2.properties

84	[Sun Dec 04 05:00:03 2005] [notice] jk2_init() Found child 8560 in scoreboard slot 7

85	[Sun Dec 04 05:00:09 2005] [notice] workerEnv.init() ok /etc/httpd/conf/workers2.properties

87	[Sun Dec 04 05:00:13 2005] [notice] jk2_init() Found child 8565 in scoreboard slot 9

88	[Sun Dec 04 05:00:13 2005] [notice] jk2_init() Found child 8573 in scoreboard slot 10

89	[Sun Dec 04 05:00:15 2005] [notice] workerEnv.init() ok /etc/httpd/conf/workers2.properties

91	[Sun Dec 04 05:00:15 2005] [notice] workerEnv.init() ok /etc/httpd/conf/workers2.properties

93	[Sun Dec 04 05:01:20 2005] [notice] jk2_init() Found child 8584 in scoreboard slot 7

94	[Sun Dec 04 05:01:20 2005] [notice] jk2_init() Found child 8587 in scoreboard slot 9

95	[Sun Dec 04 05:02:14 2005] [notice] jk2_init() Found child 8603 in scoreboard slot 10

96	[Sun Dec 04 05:02:14 2005] [notice] jk2_init() Found child 8605 in scoreboard slot 8

97	[Sun Dec 04 05:04:03 2005] [notice] jk2_init() Found child 8764 in scoreboard slot 10

98	[Sun Dec 04 05:04:03 2005] [notice] jk2_init() Found child 8765 in scoreboard slot 11

99	[Sun Dec 04 05:04:03 2005] [notice] jk2_init() Found child 8763 in scoreboard slot 9

100	[Sun Dec 04 05:04:03 2005] [notice] jk2_init() Found child 8744 in scoreboard slot 8

101	[Sun Dec 04 05:04:03 2005] [notice] jk2_init() Found child 8743 in scoreboard slot 7

102	[Sun Dec 04 05:04:03 2005] [notice] jk2_init() Found child 8738 in scoreboard slot 6

103	[Sun Dec 04 05:04:03 2005] [notice] jk2_init() Found child 8766 in scoreboard slot 12

104	[Sun Dec 04 05:04:04 2005] [notice] workerEnv.init() ok /etc/httpd/conf/workers2.properties

106	[Sun Dec 04 05:04:04 2005] [notice] workerEnv.init() ok /etc/httpd/conf/workers2.properties

108	[Sun Dec 04 05:04:04 2005] [notice] workerEnv.init() ok /etc/httpd/conf/workers2.properties

110	[Sun Dec 04 05:04:04 2005] [notice] workerEnv.init() ok /etc/httpd/conf/workers2.properties

112	[Sun Dec 04 05:04:04 2005] [notice] workerEnv.init() ok /etc/httpd/conf/workers2.properties

114	[Sun Dec 04 05:04:04 2005] [notice] workerEnv.init() ok /etc/httpd/conf/workers2.properties

116	[Sun Dec 04 05:04:04 2005] [notice] workerEnv.init() ok /etc/httpd/conf/workers2.properties

118	[Sun Dec 04 05:11:51 2005] [notice] jk2_init() Found child 25792 in scoreboard slot 6

119	[Sun Dec 04 05:12:07 2005] [notice] workerEnv.init() ok /etc/httpd/conf/workers2.properties

121	[Sun Dec 04 05:12:26 2005] [notice] jk2_init() Found child 25798 in scoreboard slot 7

122	[Sun Dec 04 05:12:26 2005] [notice] jk2_init() Found child 25803 in scoreboard slot 8

123	[Sun Dec 04 05:12:28 2005] [notice] workerEnv.init() ok /etc/httpd/conf/workers2.properties

125	[Sun Dec 04 05:12:28 2005] [notice] workerEnv.init() ok /etc/httpd/conf/workers2.properties

127	[Sun Dec 04 05:12:30 2005] [notice] jk2_init() Found child 25805 in scoreboard slot 9

128	[Sun Dec 04 05:12:30 2005] [notice] workerEnv.init() ok /etc/httpd/conf/workers2.properties

131	[Sun Dec 04 05:15:13 2005] [notice] jk2_init() Found child 1000 in scoreboard slot 10

132	[Sun Dec 04 05:15:16 2005] [notice] workerEnv.init() ok /etc/httpd/conf/workers2.properties

134	[Sun Dec 04 06:01:00 2005] [notice] jk2_init() Found child 32347 in scoreboard slot 6

135	[Sun Dec 04 06:01:00 2005] [notice] jk2_init() Found child 32348 in scoreboard slot 7

136	[Sun Dec 04 06:01:21 2005] [notice] workerEnv.init() ok /etc/httpd/conf/workers2.properties

137	[Sun Dec 04 06:01:21 2005] [notice] workerEnv.init() ok /etc/httpd/conf/workers2.properties

139	[Sun Dec 04 06:01:42 2005] [notice] jk2_init() Found child 32352 in scoreboard slot 9

140	[Sun Dec 04 06:01:42 2005] [notice] jk2_init() Found child 32353 in scoreboard slot 10

141	[Sun Dec 04 06:01:42 2005] [notice] jk2_init() Found child 32354 in scoreboard slot 6

142	[Sun Dec 04 06:02:01 2005] [notice] workerEnv.init() ok /etc/httpd/conf/workers2.properties

144	[Sun Dec 04 06:02:05 2005] [notice] jk2_init() Found child 32359 in scoreboard slot 9

145	[Sun Dec 04 06:02:05 2005] [notice] jk2_init() Found child 32360 in scoreboard slot 11

146	[Sun Dec 04 06:02:05 2005] [notice] jk2_init() Found child 32358 in scoreboard slot 8

147	[Sun Dec 04 06:02:05 2005] [notice] jk2_init() Found child 32355 in scoreboard slot 7

148	[Sun Dec 04 06:02:07 2005] [notice] workerEnv.init() ok /etc/httpd/conf/workers2.properties

150	[Sun Dec 04 06:02:07 2005] [notice] workerEnv.init() ok /etc/httpd/conf/workers2.properties

152	[Sun Dec 04 06:02:07 2005] [notice] workerEnv.init() ok /etc/httpd/conf/workers2.properties

154	[Sun Dec 04 06:02:07 2005] [notice] workerEnv.init() ok /etc/httpd/conf/workers2.properties

156	[Sun Dec 04 06:06:00 2005] [notice] jk2_init() Found child 32388 in scoreboard slot 8

157	[Sun Dec 04 06:06:00 2005] [notice] jk2_init() Found child 32387 in scoreboard slot 7

158	[Sun Dec 04 06:06:00 2005] [notice] jk2_init() Found child 32386 in scoreboard slot 6

159	[Sun Dec 04 06:06:10 2005] [notice] workerEnv.init() ok /etc/httpd/conf/workers2.properties

160	[Sun Dec 04 06:06:11 2005] [notice] workerEnv.init() ok /etc/httpd/conf/workers2.properties

163	[Sun Dec 04 06:06:20 2005] [notice] jk2_init() Found child 32389 in scoreboard slot 9

164	[Sun Dec 04 06:06:24 2005] [notice] jk2_init() Found child 32391 in scoreboard slot 10

165	[Sun Dec 04 06:06:24 2005] [notice] jk2_init() Found child 32390 in scoreboard slot 8

166	[Sun Dec 04 06:06:24 2005] [notice] jk2_init() Found child 32392 in scoreboard slot 6

167	[Sun Dec 04 06:06:26 2005] [notice] workerEnv.init() ok /etc/httpd/conf/workers2.properties

168	[Sun Dec 04 06:0sdfsdk child workerEnv in error state 7

186	[Sun Dec 04 06:1sdfsdfe] workerEnv.init() ok /etc/httpd/conf/workers2.properties

254	[Sun Dec 04 06:20:30sdfsd2_init() Found child 32466 in scoreboard slot 11

276	[Sun Dec 04 06:dfgdfjk child workerEnv in error state 7

314	[Sun Dec 04 dfgdfgnotice] workerEnv.init() ok /etc/httpd/conf/workers2.properties

345	[Sun Dec 04 06:fghfgh] mod_jk child workerEnv in error state 8

370	[Sun Dec 04 0fghfghfghfice] jk2_init() Found child 32601 in scoreboard slot 7

413	[Sun Dec 04 06:54:fhfghfh jk2_init() Found child 32646 in scoreboard slot 6

524	[Sun Dec 04 07fgh/httpd/conf/workers2.properties

533	[Sun Dec 04 07fghnd child 312 in scoreboard slot 10

542	[Sun Dec 04 07:fghrEnv.init() ok /etc/httpd/conf/workers2.properties

1172	[Mon DecfghorkerEnv in error state 6

1176	[Mon Dec 05 05ghh jk2_init() Found child 4595 in scoreboard slot 7

1179	[Mon Dec 05 0fgrkerEnv.init() ok /etc/httpd/conf/workers2.properties

1199	[Mon Dec 05 gh] workerEnv.init() ok /etc/httpd/conf/workers2.properties

1480	[Mon Dec 05 10gherEnv in error state 7

1487	[Mon ght 67.166.248.235] Directory index forbidden by rule: /var/www/html/

1738	[Mon Decghjk2_init() Found child 6044 in scoreboard slot 8

1750	[Mon Dec 05 h] jk2_init() Found child 6062 in scoreboard slot 9

1754	[Mon Dec 05 14:01hit() Found child 6100 in scoreboard slot 7

1773	[Mon Dec 05 15:31:ghghghg] mod_jk child workerEnv in error state 6

1793	[Mon Dec 05 15gh jk2_init() Found child 6295 in scoreboard slot 8

1911	[Mon Dec 05 17ghght() Found child 6601 in scoreboard slot 8

168	[Sun Dec 04 06:0sdfsdk child workerEnv in error state 7

186	[Sun Dec 04 06:1sdfsdfe] workerEnv.init() ok /etc/httpd/conf/workers2.properties

254	[Sun Dec 04 06:20:30sdfsd2_init() Found child 32466 in scoreboard slot 11

276	[Sun Dec 04 06:dfgdfjk child workerEnv in error state 7

314	[Sun Dec 04 dfgdfgnotice] workerEnv.init() ok /etc/httpd/conf/workers2.properties

345	[Sun Dec 04 06:fghfgh] mod_jk child workerEnv in error state 8

370	[Sun Dec 04 0fghfghfghfice] jk2_init() Found child 32601 in scoreboard slot 7

413	[Sun Dec 04 06:54:fhfghfh jk2_init() Found child 32646 in scoreboard slot 6

524	[Sun Dec 04 07fgh/httpd/conf/workers2.properties

533	[Sun Dec 04 07fghnd child 312 in scoreboard slot 10

542	[Sun Dec 04 07:fghrEnv.init() ok /etc/httpd/conf/workers2.properties

1172	[Mon DecfghorkerEnv in error state 6

1176	[Mon Dec 05 05ghh jk2_init() Found child 4595 in scoreboard slot 7

1179	[Mon Dec 05 0fgrkerEnv.init() ok /etc/httpd/conf/workers2.properties

1199	[Mon Dec 05 gh] workerEnv.init() ok /etc/httpd/conf/workers2.properties

1480	[Mon Dec 05 10gherEnv in error state 7

1487	[Mon ght 67.166.248.235] Directory index forbidden by rule: /var/www/html/

1738	[Mon Decghjk2_init() Found child 6044 in scoreboard slot 8

1750	[Mon Dec 05 h] jk2_init() Found child 6062 in scoreboard slot 9

1754	[Mon Dec 05 14:01hit() Found child 6100 in scoreboard slot 7

1773	[Mon Dec 05 15:31:ghghghg] mod_jk child workerEnv in error state 6

1793	[Mon Dec 05 15gh jk2_init() Found child 6295 in scoreboard slot 8

1911	[Mon Dec 05 17ghght() Found child 6601 in scoreboard slot 8

168	[Sun Dec 04 06:0sdfsdk child workerEnv in error state 7

186	[Sun Dec 04 06:1sdfsdfe] workerEnv.init() ok /etc/httpd/conf/workers2.properties

254	[Sun Dec 04 06:20:30sdfsd2_init() Found child 32466 in scoreboard slot 11

276	[Sun Dec 04 06:dfgdfjk child workerEnv in error state 7

314	[Sun Dec 04 dfgdfgnotice] workerEnv.init() ok /etc/httpd/conf/workers2.properties

345	[Sun Dec 04 06:fghfgh] mod_jk child workerEnv in error state 8

370	[Sun Dec 04 0fghfghfghfice] jk2_init() Found child 32601 in scoreboard slot 7

413	[Sun Dec 04 06:54:fhfghfh jk2_init() Found child 32646 in scoreboard slot 6

524	[Sun Dec 04 07fgh/httpd/conf/workers2.properties

533	[Sun Dec 04 07fghnd child 312 in scoreboard slot 10

542	[Sun Dec 04 07:fghrEnv.init() ok /etc/httpd/conf/workers2.properties

1172	[Mon DecfghorkerEnv in error state 6

1176	[Mon Dec 05 05ghh jk2_init() Found child 4595 in scoreboard slot 7

1179	[Mon Dec 05 0fgrkerEnv.init() ok /etc/httpd/conf/workers2.properties

1199	[Mon Dec 05 gh] workerEnv.init() ok /etc/httpd/conf/workers2.properties

1480	[Mon Dec 05 10gherEnv in error state 7

1487	[Mon ght 67.166.248.235] Directory index forbidden by rule: /var/www/html/

1738	[Mon Decghjk2_init() Found child 6044 in scoreboard slot 8

1750	[Mon Dec 05 h] jk2_init() Found child 6062 in scoreboard slot 9

1754	[Mon Dec 05 14:01hit() Found child 6100 in scoreboard slot 7

1773	[Mon Dec 05 15:31:ghghghg] mod_jk child workerEnv in error state 6

1793	[Mon Dec 05 15gh jk2_init() Found child 6295 in scoreboard slot 8

1911	[Mon Dec 05 17ghght() Found child 6601 in scoreboard slot 8

168	[Sun Dec 04 06:0sdfsdk child workerEnv in error state 7

186	[Sun Dec 04 06:1sdfsdfe] workerEnv.init() ok /etc/httpd/conf/workers2.properties

254	[Sun Dec 04 06:20:30sdfsd2_init() Found child 32466 in scoreboard slot 11

276	[Sun Dec 04 06:dfgdfjk child workerEnv in error state 7

314	[Sun Dec 04 dfgdfgnotice] workerEnv.init() ok /etc/httpd/conf/workers2.properties

345	[Sun Dec 04 06:fghfgh] mod_jk child workerEnv in error state 8

370	[Sun Dec 04 0fghfghfghfice] jk2_init() Found child 32601 in scoreboard slot 7

413	[Sun Dec 04 06:54:fhfghfh jk2_init() Found child 32646 in scoreboard slot 6

524	[Sun Dec 04 07fgh/httpd/conf/workers2.properties

533	[Sun Dec 04 07fghnd child 312 in scoreboard slot 10

542	[Sun Dec 04 07:fghrEnv.init() ok /etc/httpd/conf/workers2.properties

1172	[Mon DecfghorkerEnv in error state 6

1176	[Mon Dec 05 05ghh jk2_init() Found child 4595 in scoreboard slot 7

1179	[Mon Dec 05 0fgrkerEnv.init() ok /etc/httpd/conf/workers2.properties

1199	[Mon Dec 05 gh] workerEnv.init() ok /etc/httpd/conf/workers2.properties

1480	[Mon Dec 05 10gherEnv in error state 7

1487	[Mon ght 67.166.248.235] Directory index forbidden by rule: /var/www/html/

1738	[Mon Decghjk2_init() Found child 6044 in scoreboard slot 8

1750	[Mon Dec 05 h] jk2_init() Found child 6062 in scoreboard slot 9

1754	[Mon Dec 05 14:01hit() Found child 6100 in scoreboard slot 7

1773	[Mon Dec 05 15:31:ghghghg] mod_jk child workerEnv in error state 6

1793	[Mon Dec 05 15gh jk2_init() Found child 6295 in scoreboard slot 8

1911	[Mon Dec 05 17ghght() Found child 6601 in scoreboard slot 8

168	[Sun Dec 04 06:0sdfsdk child workerEnv in error state 7

186	[Sun Dec 04 06:1sdfsdfe] workerEnv.init() ok /etc/httpd/conf/workers2.properties

254	[Sun Dec 04 06:20:30sdfsd2_init() Found child 32466 in scoreboard slot 11

276	[Sun Dec 04 06:dfgdfjk child workerEnv in error state 7

314	[Sun Dec 04 dfgdfgnotice] workerEnv.init() ok /etc/httpd/conf/workers2.properties

345	[Sun Dec 04 06:fghfgh] mod_jk child workerEnv in error state 8

370	[Sun Dec 04 0fghfghfghfice] jk2_init() Found child 32601 in scoreboard slot 7

413	[Sun Dec 04 06:54:fhfghfh jk2_init() Found child 32646 in scoreboard slot 6

524	[Sun Dec 04 07fgh/httpd/conf/workers2.properties

533	[Sun Dec 04 07fghnd child 312 in scoreboard slot 10

542	[Sun Dec 04 07:fghrEnv.init() ok /etc/httpd/conf/workers2.properties

1172	[Mon DecfghorkerEnv in error state 6

1176	[Mon Dec 05 05ghh jk2_init() Found child 4595 in scoreboard slot 7

1179	[Mon Dec 05 0fgrkerEnv.init() ok /etc/httpd/conf/workers2.properties

1199	[Mon Dec 05 gh] workerEnv.init() ok /etc/httpd/conf/workers2.properties

1480	[Mon Dec 05 10gherEnv in error state 7

1487	[Mon ght 67.166.248.235] Directory index forbidden by rule: /var/www/html/

1738	[Mon Decghjk2_init() Found child 6044 in scoreboard slot 8

1750	[Mon Dec 05 h] jk2_init() Found child 6062 in scoreboard slot 9

1754	[Mon Dec 05 14:01hit() Found child 6100 in scoreboard slot 7

1773	[Mon Dec 05 15:31:ghghghg] mod_jk child workerEnv in error state 6

1793	[Mon Dec 05 15gh jk2_init() Found child 6295 in scoreboard slot 8

1911	[Mon Dec 05 17ghght() Found child 6601 in scoreboard slot 8

168	[Sun Dec 04 06:0sdfsdk child workerEnv in error state 7

186	[Sun Dec 04 06:1sdfsdfe] workerEnv.init() ok /etc/httpd/conf/workers2.properties

254	[Sun Dec 04 06:20:30sdfsd2_init() Found child 32466 in scoreboard slot 11

276	[Sun Dec 04 06:dfgdfjk child workerEnv in error state 7

314	[Sun Dec 04 dfgdfgnotice] workerEnv.init() ok /etc/httpd/conf/workers2.properties

345	[Sun Dec 04 06:fghfgh] mod_jk child workerEnv in error state 8

370	[Sun Dec 04 0fghfghfghfice] jk2_init() Found child 32601 in scoreboard slot 7

413	[Sun Dec 04 06:54:fhfghfh jk2_init() Found child 32646 in scoreboard slot 6

524	[Sun Dec 04 07fgh/httpd/conf/workers2.properties

533	[Sun Dec 04 07fghnd child 312 in scoreboard slot 10

542	[Sun Dec 04 07:fghrEnv.init() ok /etc/httpd/conf/workers2.properties

1172	[Mon DecfghorkerEnv in error state 6

1176	[Mon Dec 05 05ghh jk2_init() Found child 4595 in scoreboard slot 7

1179	[Mon Dec 05 0fgrkerEnv.init() ok /etc/httpd/conf/workers2.properties

1199	[Mon Dec 05 gh] workerEnv.init() ok /etc/httpd/conf/workers2.properties

1480	[Mon Dec 05 10gherEnv in error state 7

1487	[Mon ght 67.166.248.235] Directory index forbidden by rule: /var/www/html/

1738	[Mon Decghjk2_init() Found child 6044 in scoreboard slot 8

1750	[Mon Dec 05 h] jk2_init() Found child 6062 in scoreboard slot 9

1754	[Mon Dec 05 14:01hit() Found child 6100 in scoreboard slot 7

1773	[Mon Dec 05 15:31:ghghghg] mod_jk child workerEnv in error state 6

1793	[Mon Dec 05 15gh jk2_init() Found child 6295 in scoreboard slot 8

1911	[Mon Dec 05 17ghght() Found child 6601 in scoreboard slot 8

168	[Sun Dec 04 06:0sdfsdk child workerEnv in error state 7

186	[Sun Dec 04 06:1sdfsdfe] workerEnv.init() ok /etc/httpd/conf/workers2.properties

254	[Sun Dec 04 06:20:30sdfsd2_init() Found child 32466 in scoreboard slot 11

276	[Sun Dec 04 06:dfgdfjk child workerEnv in error state 7

314	[Sun Dec 04 dfgdfgnotice] workerEnv.init() ok /etc/httpd/conf/workers2.properties

345	[Sun Dec 04 06:fghfgh] mod_jk child workerEnv in error state 8

370	[Sun Dec 04 0fghfghfghfice] jk2_init() Found child 32601 in scoreboard slot 7

413	[Sun Dec 04 06:54:fhfghfh jk2_init() Found child 32646 in scoreboard slot 6

524	[Sun Dec 04 07fgh/httpd/conf/workers2.properties

533	[Sun Dec 04 07fghnd child 312 in scoreboard slot 10

542	[Sun Dec 04 07:fghrEnv.init() ok /etc/httpd/conf/workers2.properties

1172	[Mon DecfghorkerEnv in error state 6

1176	[Mon Dec 05 05ghh jk2_init() Found child 4595 in scoreboard slot 7

1179	[Mon Dec 05 0fgrkerEnv.init() ok /etc/httpd/conf/workers2.properties

1199	[Mon Dec 05 gh] workerEnv.init() ok /etc/httpd/conf/workers2.properties

1480	[Mon Dec 05 10gherEnv in error state 7

1487	[Mon ght 67.166.248.235] Directory index forbidden by rule: /var/www/html/

1738	[Mon Decghjk2_init() Found child 6044 in scoreboard slot 8

1750	[Mon Dec 05 h] jk2_init() Found child 6062 in scoreboard slot 9

1754	[Mon Dec 05 14:01hit() Found child 6100 in scoreboard slot 7

1773	[Mon Dec 05 15:31:ghghghg] mod_jk child workerEnv in error state 6

1793	[Mon Dec 05 15gh jk2_init() Found child 6295 in scoreboard slot 8

1911	[Mon Dec 05 17ghght() Found child 6601 in scoreboard slot 8

168	[Sun Dec 04 06:0sdfsdk child workerEnv in error state 7

186	[Sun Dec 04 06:1sdfsdfe] workerEnv.init() ok /etc/httpd/conf/workers2.properties

254	[Sun Dec 04 06:20:30sdfsd2_init() Found child 32466 in scoreboard slot 11

276	[Sun Dec 04 06:dfgdfjk child workerEnv in error state 7

314	[Sun Dec 04 dfgdfgnotice] workerEnv.init() ok /etc/httpd/conf/workers2.properties

345	[Sun Dec 04 06:fghfgh] mod_jk child workerEnv in error state 8

370	[Sun Dec 04 0fghfghfghfice] jk2_init() Found child 32601 in scoreboard slot 7

413	[Sun Dec 04 06:54:fhfghfh jk2_init() Found child 32646 in scoreboard slot 6

524	[Sun Dec 04 07fgh/httpd/conf/workers2.properties

533	[Sun Dec 04 07fghnd child 312 in scoreboard slot 10

542	[Sun Dec 04 07:fghrEnv.init() ok /etc/httpd/conf/workers2.properties

1172	[Mon DecfghorkerEnv in error state 6

1176	[Mon Dec 05 05ghh jk2_init() Found child 4595 in scoreboard slot 7

1179	[Mon Dec 05 0fgrkerEnv.init() ok /etc/httpd/conf/workers2.properties

1199	[Mon Dec 05 gh] workerEnv.init() ok /etc/httpd/conf/workers2.properties

1480	[Mon Dec 05 10gherEnv in error state 7

1487	[Mon ght 67.166.248.235] Directory index forbidden by rule: /var/www/html/

1738	[Mon Decghjk2_init() Found child 6044 in scoreboard slot 8

1750	[Mon Dec 05 h] jk2_init() Found child 6062 in scoreboard slot 9

1754	[Mon Dec 05 14:01hit() Found child 6100 in scoreboard slot 7

1773	[Mon Dec 05 15:31:ghghghg] mod_jk child workerEnv in error state 6

1793	[Mon Dec 05 15gh jk2_init() Found child 6295 in scoreboard slot 8

1911	[Mon Dec 05 17ghght() Found child 6601 in scoreboard slot 8

168	[Sun Dec 04 06:0sdfsdk child workerEnv in error state 7

186	[Sun Dec 04 06:1sdfsdfe] workerEnv.init() ok /etc/httpd/conf/workers2.properties

254	[Sun Dec 04 06:20:30sdfsd2_init() Found child 32466 in scoreboard slot 11

276	[Sun Dec 04 06:dfgdfjk child workerEnv in error state 7

314	[Sun Dec 04 dfgdfgnotice] workerEnv.init() ok /etc/httpd/conf/workers2.properties

345	[Sun Dec 04 06:fghfgh] mod_jk child workerEnv in error state 8

370	[Sun Dec 04 0fghfghfghfice] jk2_init() Found child 32601 in scoreboard slot 7

413	[Sun Dec 04 06:54:fhfghfh jk2_init() Found child 32646 in scoreboard slot 6

524	[Sun Dec 04 07fgh/httpd/conf/workers2.properties

533	[Sun Dec 04 07fghnd child 312 in scoreboard slot 10

542	[Sun Dec 04 07:fghrEnv.init() ok /etc/httpd/conf/workers2.properties

1172	[Mon DecfghorkerEnv in error state 6

1176	[Mon Dec 05 05ghh jk2_init() Found child 4595 in scoreboard slot 7

1179	[Mon Dec 05 0fgrkerEnv.init() ok /etc/httpd/conf/workers2.properties

1199	[Mon Dec 05 gh] workerEnv.init() ok /etc/httpd/conf/workers2.properties

1480	[Mon Dec 05 10gherEnv in error state 7

1487	[Mon ght 67.166.248.235] Directory index forbidden by rule: /var/www/html/

1738	[Mon Decghjk2_init() Found child 6044 in scoreboard slot 8

1750	[Mon Dec 05 h] jk2_init() Found child 6062 in scoreboard slot 9

1754	[Mon Dec 05 14:01hit() Found child 6100 in scoreboard slot 7

1773	[Mon Dec 05 15:31:ghghghg] mod_jk child workerEnv in error state 6

1793	[Mon Dec 05 15gh jk2_init() Found child 6295 in scoreboard slot 8

1911	[Mon Dec 05 17ghght() Found child 6601 in scoreboard slot 8

168	[Sun Dec 04 06:0sdfsdk child workerEnv in error state 7

186	[Sun Dec 04 06:1sdfsdfe] workerEnv.init() ok /etc/httpd/conf/workers2.properties

254	[Sun Dec 04 06:20:30sdfsd2_init() Found child 32466 in scoreboard slot 11

276	[Sun Dec 04 06:dfgdfjk child workerEnv in error state 7

314	[Sun Dec 04 dfgdfgnotice] workerEnv.init() ok /etc/httpd/conf/workers2.properties

345	[Sun Dec 04 06:fghfgh] mod_jk child workerEnv in error state 8

370	[Sun Dec 04 0fghfghfghfice] jk2_init() Found child 32601 in scoreboard slot 7

413	[Sun Dec 04 06:54:fhfghfh jk2_init() Found child 32646 in scoreboard slot 6

524	[Sun Dec 04 07fgh/httpd/conf/workers2.properties

533	[Sun Dec 04 07fghnd child 312 in scoreboard slot 10

542	[Sun Dec 04 07:fghrEnv.init() ok /etc/httpd/conf/workers2.properties

1172	[Mon DecfghorkerEnv in error state 6

1176	[Mon Dec 05 05ghh jk2_init() Found child 4595 in scoreboard slot 7

1179	[Mon Dec 05 0fgrkerEnv.init() ok /etc/httpd/conf/workers2.properties

1199	[Mon Dec 05 gh] workerEnv.init() ok /etc/httpd/conf/workers2.properties

1480	[Mon Dec 05 10gherEnv in error state 7

1487	[Mon ght 67.166.248.235] Directory index forbidden by rule: /var/www/html/

1738	[Mon Decghjk2_init() Found child 6044 in scoreboard slot 8

1750	[Mon Dec 05 h] jk2_init() Found child 6062 in scoreboard slot 9

1754	[Mon Dec 05 14:01hit() Found child 6100 in scoreboard slot 7

1773	[Mon Dec 05 15:31:ghghghg] mod_jk child workerEnv in error state 6

1793	[Mon Dec 05 15gh jk2_init() Found child 6295 in scoreboard slot 8

1911	[Mon Dec 05 17ghght() Found child 6601 in scoreboard slot 8

168	[Sun Dec 04 06:0sdfsdk child workerEnv in error state 7

186	[Sun Dec 04 06:1sdfsdfe] workerEnv.init() ok /etc/httpd/conf/workers2.properties

254	[Sun Dec 04 06:20:30sdfsd2_init() Found child 32466 in scoreboard slot 11

276	[Sun Dec 04 06:dfgdfjk child workerEnv in error state 7

314	[Sun Dec 04 dfgdfgnotice] workerEnv.init() ok /etc/httpd/conf/workers2.properties

345	[Sun Dec 04 06:fghfgh] mod_jk child workerEnv in error state 8

370	[Sun Dec 04 0fghfghfghfice] jk2_init() Found child 32601 in scoreboard slot 7

413	[Sun Dec 04 06:54:fhfghfh jk2_init() Found child 32646 in scoreboard slot 6

524	[Sun Dec 04 07fgh/httpd/conf/workers2.properties

533	[Sun Dec 04 07fghnd child 312 in scoreboard slot 10

542	[Sun Dec 04 07:fghrEnv.init() ok /etc/httpd/conf/workers2.properties

1172	[Mon DecfghorkerEnv in error state 6

1176	[Mon Dec 05 05ghh jk2_init() Found child 4595 in scoreboard slot 7

1179	[Mon Dec 05 0fgrkerEnv.init() ok /etc/httpd/conf/workers2.properties

1199	[Mon Dec 05 gh] workerEnv.init() ok /etc/httpd/conf/workers2.properties

1480	[Mon Dec 05 10gherEnv in error state 7

1487	[Mon ght 67.166.248.235] Directory index forbidden by rule: /var/www/html/

1738	[Mon Decghjk2_init() Found child 6044 in scoreboard slot 8

1750	[Mon Dec 05 h] jk2_init() Found child 6062 in scoreboard slot 9

1754	[Mon Dec 05 14:01hit() Found child 6100 in scoreboard slot 7

1773	[Mon Dec 05 15:31:ghghghg] mod_jk child workerEnv in error state 6

1793	[Mon Dec 05 15gh jk2_init() Found child 6295 in scoreboard slot 8

1911	[Mon Dec 05 17ghght() Found child 6601 in scoreboard slot 8

168	[Sun Dec 04 06:0sdfsdk child workerEnv in error state 7

186	[Sun Dec 04 06:1sdfsdfe] workerEnv.init() ok /etc/httpd/conf/workers2.properties

254	[Sun Dec 04 06:20:30sdfsd2_init() Found child 32466 in scoreboard slot 11

276	[Sun Dec 04 06:dfgdfjk child workerEnv in error state 7

314	[Sun Dec 04 dfgdfgnotice] workerEnv.init() ok /etc/httpd/conf/workers2.properties

345	[Sun Dec 04 06:fghfgh] mod_jk child workerEnv in error state 8

370	[Sun Dec 04 0fghfghfghfice] jk2_init() Found child 32601 in scoreboard slot 7

413	[Sun Dec 04 06:54:fhfghfh jk2_init() Found child 32646 in scoreboard slot 6

524	[Sun Dec 04 07fgh/httpd/conf/workers2.properties

533	[Sun Dec 04 07fghnd child 312 in scoreboard slot 10

542	[Sun Dec 04 07:fghrEnv.init() ok /etc/httpd/conf/workers2.properties

1172	[Mon DecfghorkerEnv in error state 6

1176	[Mon Dec 05 05ghh jk2_init() Found child 4595 in scoreboard slot 7

1179	[Mon Dec 05 0fgrkerEnv.init() ok /etc/httpd/conf/workers2.properties

1199	[Mon Dec 05 gh] workerEnv.init() ok /etc/httpd/conf/workers2.properties

1480	[Mon Dec 05 10gherEnv in error state 7

1487	[Mon ght 67.166.248.235] Directory index forbidden by rule: /var/www/html/

1738	[Mon Decghjk2_init() Found child 6044 in scoreboard slot 8

1750	[Mon Dec 05 h] jk2_init() Found child 6062 in scoreboard slot 9

1754	[Mon Dec 05 14:01hit() Found child 6100 in scoreboard slot 7

1773	[Mon Dec 05 15:31:ghghghg] mod_jk child workerEnv in error state 6

1793	[Mon Dec 05 15gh jk2_init() Found child 6295 in scoreboard slot 8

1911	[Mon Dec 05 17ghght() Found child 6601 in scoreboard slot 8

168	[Sun Dec 04 06:0sdfsdk child workerEnv in error state 7

186	[Sun Dec 04 06:1sdfsdfe] workerEnv.init() ok /etc/httpd/conf/workers2.properties

254	[Sun Dec 04 06:20:30sdfsd2_init() Found child 32466 in scoreboard slot 11

276	[Sun Dec 04 06:dfgdfjk child workerEnv in error state 7

314	[Sun Dec 04 dfgdfgnotice] workerEnv.init() ok /etc/httpd/conf/workers2.properties

345	[Sun Dec 04 06:fghfgh] mod_jk child workerEnv in error state 8

370	[Sun Dec 04 0fghfghfghfice] jk2_init() Found child 32601 in scoreboard slot 7

413	[Sun Dec 04 06:54:fhfghfh jk2_init() Found child 32646 in scoreboard slot 6

524	[Sun Dec 04 07fgh/httpd/conf/workers2.properties

533	[Sun Dec 04 07fghnd child 312 in scoreboard slot 10

542	[Sun Dec 04 07:fghrEnv.init() ok /etc/httpd/conf/workers2.properties

1172	[Mon DecfghorkerEnv in error state 6

1176	[Mon Dec 05 05ghh jk2_init() Found child 4595 in scoreboard slot 7

1179	[Mon Dec 05 0fgrkerEnv.init() ok /etc/httpd/conf/workers2.properties

1199	[Mon Dec 05 gh] workerEnv.init() ok /etc/httpd/conf/workers2.properties

1480	[Mon Dec 05 10gherEnv in error state 7

1487	[Mon ght 67.166.248.235] Directory index forbidden by rule: /var/www/html/

1738	[Mon Decghjk2_init() Found child 6044 in scoreboard slot 8

1750	[Mon Dec 05 h] jk2_init() Found child 6062 in scoreboard slot 9

1754	[Mon Dec 05 14:01hit() Found child 6100 in scoreboard slot 7

1773	[Mon Dec 05 15:31:ghghghg] mod_jk child workerEnv in error state 6

1793	[Mon Dec 05 15gh jk2_init() Found child 6295 in scoreboard slot 8

1911	[Mon Dec 05 17ghght() Found child 6601 in scoreboard slot 8

168	[Sun Dec 04 06:0sdfsdk child workerEnv in error state 7

186	[Sun Dec 04 06:1sdfsdfe] workerEnv.init() ok /etc/httpd/conf/workers2.properties

254	[Sun Dec 04 06:20:30sdfsd2_init() Found child 32466 in scoreboard slot 11

276	[Sun Dec 04 06:dfgdfjk child workerEnv in error state 7

314	[Sun Dec 04 dfgdfgnotice] workerEnv.init() ok /etc/httpd/conf/workers2.properties

345	[Sun Dec 04 06:fghfgh] mod_jk child workerEnv in error state 8

370	[Sun Dec 04 0fghfghfghfice] jk2_init() Found child 32601 in scoreboard slot 7

413	[Sun Dec 04 06:54:fhfghfh jk2_init() Found child 32646 in scoreboard slot 6

524	[Sun Dec 04 07fgh/httpd/conf/workers2.properties

533	[Sun Dec 04 07fghnd child 312 in scoreboard slot 10

542	[Sun Dec 04 07:fghrEnv.init() ok /etc/httpd/conf/workers2.properties

1172	[Mon DecfghorkerEnv in error state 6

1176	[Mon Dec 05 05ghh jk2_init() Found child 4595 in scoreboard slot 7

1179	[Mon Dec 05 0fgrkerEnv.init() ok /etc/httpd/conf/workers2.properties

1199	[Mon Dec 05 gh] workerEnv.init() ok /etc/httpd/conf/workers2.properties

1480	[Mon Dec 05 10gherEnv in error state 7

1487	[Mon ght 67.166.248.235] Directory index forbidden by rule: /var/www/html/

1738	[Mon Decghjk2_init() Found child 6044 in scoreboard slot 8

1750	[Mon Dec 05 h] jk2_init() Found child 6062 in scoreboard slot 9

1754	[Mon Dec 05 14:01hit() Found child 6100 in scoreboard slot 7

1773	[Mon Dec 05 15:31:ghghghg] mod_jk child workerEnv in error state 6

1793	[Mon Dec 05 15gh jk2_init() Found child 6295 in scoreboard slot 8

1911	[Mon Dec 05 17ghght() Found child 6601 in scoreboard slot 8

